[debug] [2023-08-09T15:14:12.975Z] ----------------------------------------------------------------------
[debug] [2023-08-09T15:14:12.978Z] Command:       /usr/local/bin/node /usr/local/bin/firebase deploy
[debug] [2023-08-09T15:14:12.978Z] CLI Version:   12.4.7
[debug] [2023-08-09T15:14:12.979Z] Platform:      darwin
[debug] [2023-08-09T15:14:12.979Z] Node Version:  v18.17.0
[debug] [2023-08-09T15:14:12.980Z] Time:          Wed Aug 09 2023 20:44:12 GMT+0530 (India Standard Time)
[debug] [2023-08-09T15:14:12.981Z] ----------------------------------------------------------------------
[debug] 
[debug] [2023-08-09T15:14:12.984Z] >>> [apiv2][query] GET https://firebase-public.firebaseio.com/cli.json [none]
[debug] [2023-08-09T15:14:13.133Z] > command requires scopes: ["email","openid","https://www.googleapis.com/auth/cloudplatformprojects.readonly","https://www.googleapis.com/auth/firebase","https://www.googleapis.com/auth/cloud-platform"]
[debug] [2023-08-09T15:14:13.133Z] > authorizing via signed-in user (surajexpo.dev@gmail.com)
[debug] [2023-08-09T15:14:13.133Z] [iam] checking project hsacademy-e1be4 for permissions ["firebase.projects.get","firebasehosting.sites.update"]
[debug] [2023-08-09T15:14:13.134Z] > refreshing access token with scopes: []
[debug] [2023-08-09T15:14:13.143Z] >>> [apiv2][query] POST https://www.googleapis.com/oauth2/v3/token [none]
[debug] [2023-08-09T15:14:13.143Z] >>> [apiv2][body] POST https://www.googleapis.com/oauth2/v3/token [omitted]
[debug] [2023-08-09T15:14:22.779Z] <<< [apiv2][status] GET https://firebase-public.firebaseio.com/cli.json 200
[debug] [2023-08-09T15:14:22.780Z] <<< [apiv2][body] GET https://firebase-public.firebaseio.com/cli.json {"cloudBuildErrorAfter":1594252800000,"cloudBuildWarnAfter":1590019200000,"defaultNode10After":1594252800000,"minVersion":"3.0.5","node8DeploysDisabledAfter":1613390400000,"node8RuntimeDisabledAfter":1615809600000,"node8WarnAfter":1600128000000}
[debug] [2023-08-09T15:14:24.324Z] <<< [apiv2][status] POST https://www.googleapis.com/oauth2/v3/token 200
[debug] [2023-08-09T15:14:24.325Z] <<< [apiv2][body] POST https://www.googleapis.com/oauth2/v3/token [omitted]
[debug] [2023-08-09T15:14:24.357Z] >>> [apiv2][query] POST https://cloudresourcemanager.googleapis.com/v1/projects/hsacademy-e1be4:testIamPermissions [none]
[debug] [2023-08-09T15:14:24.358Z] >>> [apiv2][(partial)header] POST https://cloudresourcemanager.googleapis.com/v1/projects/hsacademy-e1be4:testIamPermissions x-goog-quota-user=projects/hsacademy-e1be4
[debug] [2023-08-09T15:14:24.358Z] >>> [apiv2][body] POST https://cloudresourcemanager.googleapis.com/v1/projects/hsacademy-e1be4:testIamPermissions {"permissions":["firebase.projects.get","firebasehosting.sites.update"]}
[debug] [2023-08-09T15:14:27.354Z] <<< [apiv2][status] POST https://cloudresourcemanager.googleapis.com/v1/projects/hsacademy-e1be4:testIamPermissions 200
[debug] [2023-08-09T15:14:27.354Z] <<< [apiv2][body] POST https://cloudresourcemanager.googleapis.com/v1/projects/hsacademy-e1be4:testIamPermissions {"permissions":["firebase.projects.get","firebasehosting.sites.update"]}
[debug] [2023-08-09T15:14:27.356Z] >>> [apiv2][query] GET https://firebase.googleapis.com/v1beta1/projects/hsacademy-e1be4 [none]
[debug] [2023-08-09T15:14:28.713Z] <<< [apiv2][status] GET https://firebase.googleapis.com/v1beta1/projects/hsacademy-e1be4 200
[debug] [2023-08-09T15:14:28.713Z] <<< [apiv2][body] GET https://firebase.googleapis.com/v1beta1/projects/hsacademy-e1be4 {"projectId":"hsacademy-e1be4","projectNumber":"312169676917","displayName":"hsacademy","name":"projects/hsacademy-e1be4","resources":{"hostingSite":"hsacademy-e1be4"},"state":"ACTIVE","etag":"1_effb3899-591f-4386-8f4b-401deb05b4d7"}
[info] 
[info] === Deploying to 'hsacademy-e1be4'...
[info] 
[info] i  deploying hosting 
[debug] [2023-08-09T15:14:28.719Z] >>> [apiv2][query] POST https://firebasehosting.googleapis.com/v1beta1/projects/-/sites/hsacademy-e1be4/versions [none]
[debug] [2023-08-09T15:14:28.720Z] >>> [apiv2][body] POST https://firebasehosting.googleapis.com/v1beta1/projects/-/sites/hsacademy-e1be4/versions {"status":"CREATED","labels":{"deployment-tool":"cli-firebase"}}
[debug] [2023-08-09T15:14:31.430Z] <<< [apiv2][status] POST https://firebasehosting.googleapis.com/v1beta1/projects/-/sites/hsacademy-e1be4/versions 200
[debug] [2023-08-09T15:14:31.431Z] <<< [apiv2][body] POST https://firebasehosting.googleapis.com/v1beta1/projects/-/sites/hsacademy-e1be4/versions {"name":"projects/312169676917/sites/hsacademy-e1be4/versions/e18261136f9acb5a","status":"CREATED","config":{},"labels":{"deployment-tool":"cli-firebase"}}
[info] i  hosting[hsacademy-e1be4]: beginning deploy... 
[info] i  hosting[hsacademy-e1be4]: found 8 files in dist/hs-academy 
[debug] [2023-08-09T15:14:31.439Z] [hosting] uploading with 200 concurrency
[debug] [2023-08-09T15:14:31.489Z] [hosting] hash cache [ZGlzdC9ocy1hY2FkZW15] stored for 8 files
[debug] [2023-08-09T15:14:31.489Z] [hosting][hash queue][FINAL] {"max":42,"min":13,"avg":19.25,"active":0,"complete":8,"success":8,"errored":0,"retried":0,"total":8,"elapsed":45}
[debug] [2023-08-09T15:14:31.490Z] >>> [apiv2][query] POST https://firebasehosting.googleapis.com/v1beta1/projects/312169676917/sites/hsacademy-e1be4/versions/e18261136f9acb5a:populateFiles [none]
[debug] [2023-08-09T15:14:31.490Z] >>> [apiv2][body] POST https://firebasehosting.googleapis.com/v1beta1/projects/312169676917/sites/hsacademy-e1be4/versions/e18261136f9acb5a:populateFiles {"files":{"/favicon.ico":"a2aee5309d0b59b9b66384ccc3969a07fab1b320d0bf76f1b25047a051d7f774","/index.html":"9b0dbaf79dc56de492cce20603f679e21b90f55e39203f378151e6c724b75e54","/runtime.cf5462f763009944.js":"992fa5e82807f7ac3fe6af455d150d4c16bc18026f7a2ac57cca87d81a39393e","/3rdpartylicenses.txt":"6a60105aab90aaa20a0afb023da808c00e0a90ef895fcd89ebb4a1bfa4895944","/polyfills.79a13b47b3611fc8.js":"052ca6ab5e9853dacedb4a9b9d0198bcfb61c6cf5580d1b23b5e446e2de443ef","/styles.240539c68aabd80f.css":"fd332ae2d2977c1b6eeae1ddfa0c6ae93a8ad1d1c0530a9b13548996d5ac1d2b","/895.8892589a1acc6d82.js":"f47f363b5e58cb308357ea45f11b95a8a4668d5fd9704bdea189d2cbc9122a82","/main.67827aa26d1c3f96.js":"4336a9f203b608cd222d8d6422c9ea54e576d71b7d36f091636361ccb3cf776d"}}
[debug] [2023-08-09T15:14:33.118Z] <<< [apiv2][status] POST https://firebasehosting.googleapis.com/v1beta1/projects/312169676917/sites/hsacademy-e1be4/versions/e18261136f9acb5a:populateFiles 200
[debug] [2023-08-09T15:14:33.118Z] <<< [apiv2][body] POST https://firebasehosting.googleapis.com/v1beta1/projects/312169676917/sites/hsacademy-e1be4/versions/e18261136f9acb5a:populateFiles {"uploadRequiredHashes":["9b0dbaf79dc56de492cce20603f679e21b90f55e39203f378151e6c724b75e54","992fa5e82807f7ac3fe6af455d150d4c16bc18026f7a2ac57cca87d81a39393e","6a60105aab90aaa20a0afb023da808c00e0a90ef895fcd89ebb4a1bfa4895944","f47f363b5e58cb308357ea45f11b95a8a4668d5fd9704bdea189d2cbc9122a82","4336a9f203b608cd222d8d6422c9ea54e576d71b7d36f091636361ccb3cf776d"],"uploadUrl":"https://upload-firebasehosting.googleapis.com/upload/sites/hsacademy-e1be4/versions/e18261136f9acb5a/files"}
[debug] [2023-08-09T15:14:33.120Z] >>> [apiv2][query] POST https://upload-firebasehosting.googleapis.com/upload/sites/hsacademy-e1be4/versions/e18261136f9acb5a/files/9b0dbaf79dc56de492cce20603f679e21b90f55e39203f378151e6c724b75e54 [none]
[debug] [2023-08-09T15:14:33.120Z] >>> [apiv2][body] POST https://upload-firebasehosting.googleapis.com/upload/sites/hsacademy-e1be4/versions/e18261136f9acb5a/files/9b0dbaf79dc56de492cce20603f679e21b90f55e39203f378151e6c724b75e54 [stream]
[debug] [2023-08-09T15:14:33.122Z] >>> [apiv2][query] POST https://upload-firebasehosting.googleapis.com/upload/sites/hsacademy-e1be4/versions/e18261136f9acb5a/files/992fa5e82807f7ac3fe6af455d150d4c16bc18026f7a2ac57cca87d81a39393e [none]
[debug] [2023-08-09T15:14:33.122Z] >>> [apiv2][body] POST https://upload-firebasehosting.googleapis.com/upload/sites/hsacademy-e1be4/versions/e18261136f9acb5a/files/992fa5e82807f7ac3fe6af455d150d4c16bc18026f7a2ac57cca87d81a39393e [stream]
[debug] [2023-08-09T15:14:33.124Z] >>> [apiv2][query] POST https://upload-firebasehosting.googleapis.com/upload/sites/hsacademy-e1be4/versions/e18261136f9acb5a/files/6a60105aab90aaa20a0afb023da808c00e0a90ef895fcd89ebb4a1bfa4895944 [none]
[debug] [2023-08-09T15:14:33.124Z] >>> [apiv2][body] POST https://upload-firebasehosting.googleapis.com/upload/sites/hsacademy-e1be4/versions/e18261136f9acb5a/files/6a60105aab90aaa20a0afb023da808c00e0a90ef895fcd89ebb4a1bfa4895944 [stream]
[debug] [2023-08-09T15:14:33.125Z] >>> [apiv2][query] POST https://upload-firebasehosting.googleapis.com/upload/sites/hsacademy-e1be4/versions/e18261136f9acb5a/files/f47f363b5e58cb308357ea45f11b95a8a4668d5fd9704bdea189d2cbc9122a82 [none]
[debug] [2023-08-09T15:14:33.126Z] >>> [apiv2][body] POST https://upload-firebasehosting.googleapis.com/upload/sites/hsacademy-e1be4/versions/e18261136f9acb5a/files/f47f363b5e58cb308357ea45f11b95a8a4668d5fd9704bdea189d2cbc9122a82 [stream]
[debug] [2023-08-09T15:14:33.127Z] >>> [apiv2][query] POST https://upload-firebasehosting.googleapis.com/upload/sites/hsacademy-e1be4/versions/e18261136f9acb5a/files/4336a9f203b608cd222d8d6422c9ea54e576d71b7d36f091636361ccb3cf776d [none]
[debug] [2023-08-09T15:14:33.127Z] >>> [apiv2][body] POST https://upload-firebasehosting.googleapis.com/upload/sites/hsacademy-e1be4/versions/e18261136f9acb5a/files/4336a9f203b608cd222d8d6422c9ea54e576d71b7d36f091636361ccb3cf776d [stream]
[debug] [2023-08-09T15:14:33.129Z] [hosting][populate queue][FINAL] {"max":1632,"min":1632,"avg":1632,"active":0,"complete":1,"success":1,"errored":0,"retried":0,"total":1,"elapsed":1641}
[debug] [2023-08-09T15:14:33.129Z] [hosting] uploads queued: 5
[debug] [2023-08-09T15:14:36.174Z] <<< [apiv2][status] POST https://upload-firebasehosting.googleapis.com/upload/sites/hsacademy-e1be4/versions/e18261136f9acb5a/files/992fa5e82807f7ac3fe6af455d150d4c16bc18026f7a2ac57cca87d81a39393e 200
[debug] [2023-08-09T15:14:36.174Z] <<< [apiv2][body] POST https://upload-firebasehosting.googleapis.com/upload/sites/hsacademy-e1be4/versions/e18261136f9acb5a/files/992fa5e82807f7ac3fe6af455d150d4c16bc18026f7a2ac57cca87d81a39393e [stream]
[debug] [2023-08-09T15:14:38.202Z] <<< [apiv2][status] POST https://upload-firebasehosting.googleapis.com/upload/sites/hsacademy-e1be4/versions/e18261136f9acb5a/files/6a60105aab90aaa20a0afb023da808c00e0a90ef895fcd89ebb4a1bfa4895944 200
[debug] [2023-08-09T15:14:38.202Z] <<< [apiv2][body] POST https://upload-firebasehosting.googleapis.com/upload/sites/hsacademy-e1be4/versions/e18261136f9acb5a/files/6a60105aab90aaa20a0afb023da808c00e0a90ef895fcd89ebb4a1bfa4895944 [stream]
[debug] [2023-08-09T15:14:38.382Z] <<< [apiv2][status] POST https://upload-firebasehosting.googleapis.com/upload/sites/hsacademy-e1be4/versions/e18261136f9acb5a/files/9b0dbaf79dc56de492cce20603f679e21b90f55e39203f378151e6c724b75e54 200
[debug] [2023-08-09T15:14:38.383Z] <<< [apiv2][body] POST https://upload-firebasehosting.googleapis.com/upload/sites/hsacademy-e1be4/versions/e18261136f9acb5a/files/9b0dbaf79dc56de492cce20603f679e21b90f55e39203f378151e6c724b75e54 [stream]
[debug] [2023-08-09T15:14:44.256Z] <<< [apiv2][status] POST https://upload-firebasehosting.googleapis.com/upload/sites/hsacademy-e1be4/versions/e18261136f9acb5a/files/f47f363b5e58cb308357ea45f11b95a8a4668d5fd9704bdea189d2cbc9122a82 200
[debug] [2023-08-09T15:14:44.256Z] <<< [apiv2][body] POST https://upload-firebasehosting.googleapis.com/upload/sites/hsacademy-e1be4/versions/e18261136f9acb5a/files/f47f363b5e58cb308357ea45f11b95a8a4668d5fd9704bdea189d2cbc9122a82 [stream]
